*** Using Compiler 'V5.06 update 5 (build 528)', folder: 'D:\Keil_v5\ARM\ARMCC\Bin'
Build target 'STM32F405RGT6-FreeRTOS'
compiling ShareWare.c...
compiling main.c...
compiling BatteryInfor.c...
compiling freertos.c...
../Src/freertos.c(310): warning:  #1035-D: single-precision operand implicitly converted to double-precision
  				if(fabs(VelControl.M1_SetRPM - VelControl.M1_RPM) > fabs(VelControl.M1_SetRPM / 2.0)) M1_StallTime++;
../Src/freertos.c(316): warning:  #1035-D: single-precision operand implicitly converted to double-precision
  				if(fabs(VelControl.M2_SetRPM - VelControl.M2_RPM) > fabs(VelControl.M2_SetRPM / 2.0)) M2_StallTime++;
../Src/freertos.c(322): warning:  #1035-D: single-precision operand implicitly converted to double-precision
  				if(fabs(VelControl.M3_SetRPM - VelControl.M3_RPM) > fabs(VelControl.M3_SetRPM / 2.0)) M3_StallTime++;
../Src/freertos.c(328): warning:  #1035-D: single-precision operand implicitly converted to double-precision
  				if(fabs(VelControl.M4_SetRPM - VelControl.M4_RPM) > fabs(VelControl.M4_SetRPM / 2.0)) M4_StallTime++;
../Src/freertos.c: 4 warnings, 0 errors
compiling Encoder.c...
compiling uart.c...
compiling stm32f4xx_it.c...
compiling adc1.c...
compiling DataCom.c...
compiling can1.c...
compiling spi.c...
compiling tim1.c...
..\Src\tim1.c(102): warning:  #177-D: variable "sConfigIC"  was declared but never referenced
  	TIM_IC_InitTypeDef sConfigIC = {0};
..\Src\tim1.c: 1 warning, 0 errors
compiling stm32f4xx_hal_msp.c...
compiling DataProtocol.c...
compiling Kinematics_4WD.c...
compiling VelocityControl.c...
linking...
Program Size: Code=34824 RO-data=692 RW-data=296 ZI-data=20936  
FromELF: creating hex file...
After Build - User command #2: D:\Keil_v5\ARM\ARMCC\bin\fromelf.exe --bin --output=STM32F405RGT6-FreeRTOS.bin STM32F405RGT6-FreeRTOS\STM32F405RGT6-FreeRTOS.axf
"STM32F405RGT6-FreeRTOS\STM32F405RGT6-FreeRTOS.axf" - 0 Error(s), 5 Warning(s).
Build Time Elapsed:  00:00:05
